# JRE version: OpenJDK Runtime Environment (8.0_76-b03) (build 1.8.0_76-release-b03)
# Java VM: OpenJDK 64-Bit Server VM (25.76-b03 mixed mode windows-amd64 compressed oops)
Heap:
 PSYoungGen      total 137216K, used 50473K [0x00000000e0000000, 0x00000000e9f00000, 0x0000000100000000)
  eden space 125952K, 40% used [0x00000000e0000000,0x00000000e314a6d0,0x00000000e7b00000)
  from space 11264K, 0% used [0x00000000e8600000,0x00000000e8600000,0x00000000e9100000)
  to   space 11264K, 0% used [0x00000000e7b00000,0x00000000e7b00000,0x00000000e8600000)
 ParOldGen       total 51200K, used 14677K [0x00000000a0000000, 0x00000000a3200000, 0x00000000e0000000)
  object space 51200K, 28% used [0x00000000a0000000,0x00000000a0e555a8,0x00000000a3200000)
 Metaspace       used 36407K, capacity 37240K, committed 37424K, reserved 1081344K
  class space    used 4902K, capacity 5141K, committed 5168K, reserved 1048576K
GC Heap History (10 events):
Event: 11.064 GC heap before
{Heap before GC invocations=8 (full 1):
 PSYoungGen      total 74240K, used 65536K [0x00000000e0000000, 0x00000000e5100000, 0x0000000100000000)
  eden space 65536K, 100% used [0x00000000e0000000,0x00000000e4000000,0x00000000e4000000)
  from space 8704K, 0% used [0x00000000e4880000,0x00000000e4880000,0x00000000e5100000)
  to   space 8704K, 0% used [0x00000000e4000000,0x00000000e4000000,0x00000000e4880000)
 ParOldGen       total 38912K, used 8732K [0x00000000a0000000, 0x00000000a2600000, 0x00000000e0000000)
  object space 38912K, 22% used [0x00000000a0000000,0x00000000a0887198,0x00000000a2600000)
 Metaspace       used 25932K, capacity 26484K, committed 26544K, reserved 1073152K
  class space    used 3567K, capacity 3708K, committed 3760K, reserved 1048576K
Event: 11.086 GC heap after
Heap after GC invocations=8 (full 1):
 PSYoungGen      total 74240K, used 7676K [0x00000000e0000000, 0x00000000e7400000, 0x0000000100000000)
  eden space 65536K, 0% used [0x00000000e0000000,0x00000000e0000000,0x00000000e4000000)
  from space 8704K, 88% used [0x00000000e4000000,0x00000000e477f100,0x00000000e4880000)
  to   space 9728K, 0% used [0x00000000e6a80000,0x00000000e6a80000,0x00000000e7400000)
 ParOldGen       total 38912K, used 8732K [0x00000000a0000000, 0x00000000a2600000, 0x00000000e0000000)
  object space 38912K, 22% used [0x00000000a0000000,0x00000000a0887198,0x00000000a2600000)
 Metaspace       used 25932K, capacity 26484K, committed 26544K, reserved 1073152K
  class space    used 3567K, capacity 3708K, committed 3760K, reserved 1048576K
}
Event: 12.921 GC heap before
{Heap before GC invocations=9 (full 1):
 PSYoungGen      total 74240K, used 73212K [0x00000000e0000000, 0x00000000e7400000, 0x0000000100000000)
  eden space 65536K, 100% used [0x00000000e0000000,0x00000000e4000000,0x00000000e4000000)
  from space 8704K, 88% used [0x00000000e4000000,0x00000000e477f100,0x00000000e4880000)
  to   space 9728K, 0% used [0x00000000e6a80000,0x00000000e6a80000,0x00000000e7400000)
 ParOldGen       total 38912K, used 8732K [0x00000000a0000000, 0x00000000a2600000, 0x00000000e0000000)
  object space 38912K, 22% used [0x00000000a0000000,0x00000000a0887198,0x00000000a2600000)
 Metaspace       used 28653K, capacity 29328K, committed 29488K, reserved 1075200K
  class space    used 3918K, capacity 4100K, committed 4144K, reserved 1048576K
Event: 12.942 GC heap after
Heap after GC invocations=9 (full 1):
 PSYoungGen      total 107008K, used 6362K [0x00000000e0000000, 0x00000000e7300000, 0x0000000100000000)
  eden space 98304K, 0% used [0x00000000e0000000,0x00000000e0000000,0x00000000e6000000)
  from space 8704K, 73% used [0x00000000e6a80000,0x00000000e70b6a50,0x00000000e7300000)
  to   space 9728K, 0% used [0x00000000e6000000,0x00000000e6000000,0x00000000e6980000)
 ParOldGen       total 38912K, used 8748K [0x00000000a0000000, 0x00000000a2600000, 0x00000000e0000000)
  object space 38912K, 22% used [0x00000000a0000000,0x00000000a088b1b0,0x00000000a2600000)
 Metaspace       used 28653K, capacity 29328K, committed 29488K, reserved 1075200K
  class space    used 3918K, capacity 4100K, committed 4144K, reserved 1048576K
}
Event: 15.909 GC heap before
{Heap before GC invocations=10 (full 1):
 PSYoungGen      total 107008K, used 104666K [0x00000000e0000000, 0x00000000e7300000, 0x0000000100000000)
  eden space 98304K, 100% used [0x00000000e0000000,0x00000000e6000000,0x00000000e6000000)
  from space 8704K, 73% used [0x00000000e6a80000,0x00000000e70b6a50,0x00000000e7300000)
  to   space 9728K, 0% used [0x00000000e6000000,0x00000000e6000000,0x00000000e6980000)
 ParOldGen       total 38912K, used 8748K [0x00000000a0000000, 0x00000000a2600000, 0x00000000e0000000)
  object space 38912K, 22% used [0x00000000a0000000,0x00000000a088b1b0,0x00000000a2600000)
 Metaspace       used 33883K, capacity 34622K, committed 34736K, reserved 1079296K
  class space    used 4574K, capacity 4782K, committed 4784K, reserved 1048576K
Event: 15.931 GC heap after
Heap after GC invocations=10 (full 1):
 PSYoungGen      total 108032K, used 9720K [0x00000000e0000000, 0x00000000e9100000, 0x0000000100000000)
  eden space 98304K, 0% used [0x00000000e0000000,0x00000000e0000000,0x00000000e6000000)
  from space 9728K, 99% used [0x00000000e6000000,0x00000000e697e0f8,0x00000000e6980000)
  to   space 11264K, 0% used [0x00000000e8600000,0x00000000e8600000,0x00000000e9100000)
 ParOldGen       total 38912K, used 9770K [0x00000000a0000000, 0x00000000a2600000, 0x00000000e0000000)
  object space 38912K, 25% used [0x00000000a0000000,0x00000000a098a9e8,0x00000000a2600000)
 Metaspace       used 33883K, capacity 34622K, committed 34736K, reserved 1079296K
  class space    used 4574K, capacity 4782K, committed 4784K, reserved 1048576K
}
Event: 16.137 GC heap before
{Heap before GC invocations=11 (full 1):
 PSYoungGen      total 108032K, used 17288K [0x00000000e0000000, 0x00000000e9100000, 0x0000000100000000)
  eden space 98304K, 7% used [0x00000000e0000000,0x00000000e0764238,0x00000000e6000000)
  from space 9728K, 99% used [0x00000000e6000000,0x00000000e697e0f8,0x00000000e6980000)
  to   space 11264K, 0% used [0x00000000e8600000,0x00000000e8600000,0x00000000e9100000)
 ParOldGen       total 38912K, used 9770K [0x00000000a0000000, 0x00000000a2600000, 0x00000000e0000000)
  object space 38912K, 25% used [0x00000000a0000000,0x00000000a098a9e8,0x00000000a2600000)
 Metaspace       used 34627K, capacity 35344K, committed 35496K, reserved 1079296K
  class space    used 4661K, capacity 4849K, committed 4912K, reserved 1048576K
Event: 16.162 GC heap after
Heap after GC invocations=11 (full 1):
 PSYoungGen      total 137216K, used 7004K [0x00000000e0000000, 0x00000000e9f00000, 0x0000000100000000)
  eden space 125952K, 0% used [0x00000000e0000000,0x00000000e0000000,0x00000000e7b00000)
  from space 11264K, 62% used [0x00000000e8600000,0x00000000e8cd7378,0x00000000e9100000)
  to   space 11264K, 0% used [0x00000000e7b00000,0x00000000e7b00000,0x00000000e8600000)
 ParOldGen       total 38912K, used 9778K [0x00000000a0000000, 0x00000000a2600000, 0x00000000e0000000)
  object space 38912K, 25% used [0x00000000a0000000,0x00000000a098c9e8,0x00000000a2600000)
 Metaspace       used 34627K, capacity 35344K, committed 35496K, reserved 1079296K
  class space    used 4661K, capacity 4849K, committed 4912K, reserved 1048576K
}
Event: 16.162 GC heap before
{Heap before GC invocations=12 (full 2):
 PSYoungGen      total 137216K, used 7004K [0x00000000e0000000, 0x00000000e9f00000, 0x0000000100000000)
  eden space 125952K, 0% used [0x00000000e0000000,0x00000000e0000000,0x00000000e7b00000)
  from space 11264K, 62% used [0x00000000e8600000,0x00000000e8cd7378,0x00000000e9100000)
  to   space 11264K, 0% used [0x00000000e7b00000,0x00000000e7b00000,0x00000000e8600000)
 ParOldGen       total 38912K, used 9778K [0x00000000a0000000, 0x00000000a2600000, 0x00000000e0000000)
  object space 38912K, 25% used [0x00000000a0000000,0x00000000a098c9e8,0x00000000a2600000)
 Metaspace       used 34627K, capacity 35344K, committed 35496K, reserved 1079296K
  class space    used 4661K, capacity 4849K, committed 4912K, reserved 1048576K
Event: 16.291 GC heap after
Heap after GC invocations=12 (full 2):
 PSYoungGen      total 137216K, used 0K [0x00000000e0000000, 0x00000000e9f00000, 0x0000000100000000)
  eden space 125952K, 0% used [0x00000000e0000000,0x00000000e0000000,0x00000000e7b00000)
  from space 11264K, 0% used [0x00000000e8600000,0x00000000e8600000,0x00000000e9100000)
  to   space 11264K, 0% used [0x00000000e7b00000,0x00000000e7b00000,0x00000000e8600000)
 ParOldGen       total 51200K, used 14677K [0x00000000a0000000, 0x00000000a3200000, 0x00000000e0000000)
  object space 51200K, 28% used [0x00000000a0000000,0x00000000a0e555a8,0x00000000a3200000)
 Metaspace       used 34627K, capacity 35344K, committed 35496K, reserved 1079296K
  class space    used 4661K, capacity 4849K, committed 4912K, reserved 1048576K
}

