# JRE version: OpenJDK Runtime Environment (8.0_76-b03) (build 1.8.0_76-release-b03)
# Java VM: OpenJDK 64-Bit Server VM (25.76-b03 mixed mode windows-amd64 compressed oops)
Heap:
 PSYoungGen      total 467456K, used 119855K [0x00000000e0000000, 0x0000000100000000, 0x0000000100000000)
  eden space 409088K, 29% used [0x00000000e0000000,0x00000000e750bc80,0x00000000f8f80000)
  from space 58368K, 0% used [0x00000000fc700000,0x00000000fc700000,0x0000000100000000)
  to   space 56832K, 0% used [0x00000000f8f80000,0x00000000f8f80000,0x00000000fc700000)
 ParOldGen       total 177152K, used 41400K [0x00000000a0000000, 0x00000000aad00000, 0x00000000e0000000)
  object space 177152K, 23% used [0x00000000a0000000,0x00000000a286e358,0x00000000aad00000)
 Metaspace       used 68044K, capacity 70152K, committed 70424K, reserved 1110016K
  class space    used 8514K, capacity 8902K, committed 8984K, reserved 1048576K
GC Heap History (10 events):
Event: 579.031 GC heap before
{Heap before GC invocations=26 (full 5):
 PSYoungGen      total 358400K, used 358371K [0x00000000e0000000, 0x00000000fb180000, 0x0000000100000000)
  eden space 316416K, 100% used [0x00000000e0000000,0x00000000f3500000,0x00000000f3500000)
  from space 41984K, 99% used [0x00000000f6900000,0x00000000f91f8e70,0x00000000f9200000)
  to   space 53248K, 0% used [0x00000000f3500000,0x00000000f3500000,0x00000000f6900000)
 ParOldGen       total 177152K, used 53579K [0x00000000a0000000, 0x00000000aad00000, 0x00000000e0000000)
  object space 177152K, 30% used [0x00000000a0000000,0x00000000a3452fc8,0x00000000aad00000)
 Metaspace       used 66809K, capacity 68668K, committed 68760K, reserved 1110016K
  class space    used 8431K, capacity 8802K, committed 8856K, reserved 1048576K
Event: 579.251 GC heap after
Heap after GC invocations=26 (full 5):
 PSYoungGen      total 369664K, used 24770K [0x00000000e0000000, 0x00000000fc500000, 0x0000000100000000)
  eden space 316416K, 0% used [0x00000000e0000000,0x00000000e0000000,0x00000000f3500000)
  from space 53248K, 46% used [0x00000000f3500000,0x00000000f4d30910,0x00000000f6900000)
  to   space 51712K, 0% used [0x00000000f9280000,0x00000000f9280000,0x00000000fc500000)
 ParOldGen       total 177152K, used 53587K [0x00000000a0000000, 0x00000000aad00000, 0x00000000e0000000)
  object space 177152K, 30% used [0x00000000a0000000,0x00000000a3454fc8,0x00000000aad00000)
 Metaspace       used 66809K, capacity 68668K, committed 68760K, reserved 1110016K
  class space    used 8431K, capacity 8802K, committed 8856K, reserved 1048576K
}
Event: 584.011 GC heap before
{Heap before GC invocations=27 (full 5):
 PSYoungGen      total 369664K, used 341186K [0x00000000e0000000, 0x00000000fc500000, 0x0000000100000000)
  eden space 316416K, 100% used [0x00000000e0000000,0x00000000f3500000,0x00000000f3500000)
  from space 53248K, 46% used [0x00000000f3500000,0x00000000f4d30910,0x00000000f6900000)
  to   space 51712K, 0% used [0x00000000f9280000,0x00000000f9280000,0x00000000fc500000)
 ParOldGen       total 177152K, used 53587K [0x00000000a0000000, 0x00000000aad00000, 0x00000000e0000000)
  object space 177152K, 30% used [0x00000000a0000000,0x00000000a3454fc8,0x00000000aad00000)
 Metaspace       used 67487K, capacity 69538K, committed 69656K, reserved 1110016K
  class space    used 8486K, capacity 8871K, committed 8984K, reserved 1048576K
Event: 584.121 GC heap after
Heap after GC invocations=27 (full 5):
 PSYoungGen      total 403968K, used 51684K [0x00000000e0000000, 0x00000000fd480000, 0x0000000100000000)
  eden space 352256K, 0% used [0x00000000e0000000,0x00000000e0000000,0x00000000f5800000)
  from space 51712K, 99% used [0x00000000f9280000,0x00000000fc4f9090,0x00000000fc500000)
  to   space 59904K, 0% used [0x00000000f5800000,0x00000000f5800000,0x00000000f9280000)
 ParOldGen       total 177152K, used 54147K [0x00000000a0000000, 0x00000000aad00000, 0x00000000e0000000)
  object space 177152K, 30% used [0x00000000a0000000,0x00000000a34e0fa8,0x00000000aad00000)
 Metaspace       used 67487K, capacity 69538K, committed 69656K, reserved 1110016K
  class space    used 8486K, capacity 8871K, committed 8984K, reserved 1048576K
}
Event: 586.221 GC heap before
{Heap before GC invocations=28 (full 5):
 PSYoungGen      total 403968K, used 403940K [0x00000000e0000000, 0x00000000fd480000, 0x0000000100000000)
  eden space 352256K, 100% used [0x00000000e0000000,0x00000000f5800000,0x00000000f5800000)
  from space 51712K, 99% used [0x00000000f9280000,0x00000000fc4f9090,0x00000000fc500000)
  to   space 59904K, 0% used [0x00000000f5800000,0x00000000f5800000,0x00000000f9280000)
 ParOldGen       total 177152K, used 54147K [0x00000000a0000000, 0x00000000aad00000, 0x00000000e0000000)
  object space 177152K, 30% used [0x00000000a0000000,0x00000000a34e0fa8,0x00000000aad00000)
 Metaspace       used 67595K, capacity 69672K, committed 69912K, reserved 1110016K
  class space    used 8486K, capacity 8872K, committed 8984K, reserved 1048576K
Event: 586.348 GC heap after
Heap after GC invocations=28 (full 5):
 PSYoungGen      total 412160K, used 12853K [0x00000000e0000000, 0x0000000100000000, 0x0000000100000000)
  eden space 352256K, 0% used [0x00000000e0000000,0x00000000e0000000,0x00000000f5800000)
  from space 59904K, 21% used [0x00000000f5800000,0x00000000f648d498,0x00000000f9280000)
  to   space 58368K, 0% used [0x00000000fc700000,0x00000000fc700000,0x0000000100000000)
 ParOldGen       total 177152K, used 66791K [0x00000000a0000000, 0x00000000aad00000, 0x00000000e0000000)
  object space 177152K, 37% used [0x00000000a0000000,0x00000000a4139f80,0x00000000aad00000)
 Metaspace       used 67595K, capacity 69672K, committed 69912K, reserved 1110016K
  class space    used 8486K, capacity 8872K, committed 8984K, reserved 1048576K
}
Event: 587.094 GC heap before
{Heap before GC invocations=29 (full 5):
 PSYoungGen      total 412160K, used 111172K [0x00000000e0000000, 0x0000000100000000, 0x0000000100000000)
  eden space 352256K, 27% used [0x00000000e0000000,0x00000000e6003e28,0x00000000f5800000)
  from space 59904K, 21% used [0x00000000f5800000,0x00000000f648d498,0x00000000f9280000)
  to   space 58368K, 0% used [0x00000000fc700000,0x00000000fc700000,0x0000000100000000)
 ParOldGen       total 177152K, used 66791K [0x00000000a0000000, 0x00000000aad00000, 0x00000000e0000000)
  object space 177152K, 37% used [0x00000000a0000000,0x00000000a4139f80,0x00000000aad00000)
 Metaspace       used 67636K, capacity 69678K, committed 69912K, reserved 1110016K
  class space    used 8487K, capacity 8873K, committed 8984K, reserved 1048576K
Event: 587.112 GC heap after
Heap after GC invocations=29 (full 5):
 PSYoungGen      total 467456K, used 10386K [0x00000000e0000000, 0x0000000100000000, 0x0000000100000000)
  eden space 409088K, 0% used [0x00000000e0000000,0x00000000e0000000,0x00000000f8f80000)
  from space 58368K, 17% used [0x00000000fc700000,0x00000000fd1248a8,0x0000000100000000)
  to   space 56832K, 0% used [0x00000000f8f80000,0x00000000f8f80000,0x00000000fc700000)
 ParOldGen       total 177152K, used 66799K [0x00000000a0000000, 0x00000000aad00000, 0x00000000e0000000)
  object space 177152K, 37% used [0x00000000a0000000,0x00000000a413bf80,0x00000000aad00000)
 Metaspace       used 67636K, capacity 69678K, committed 69912K, reserved 1110016K
  class space    used 8487K, capacity 8873K, committed 8984K, reserved 1048576K
}
Event: 587.112 GC heap before
{Heap before GC invocations=30 (full 6):
 PSYoungGen      total 467456K, used 10386K [0x00000000e0000000, 0x0000000100000000, 0x0000000100000000)
  eden space 409088K, 0% used [0x00000000e0000000,0x00000000e0000000,0x00000000f8f80000)
  from space 58368K, 17% used [0x00000000fc700000,0x00000000fd1248a8,0x0000000100000000)
  to   space 56832K, 0% used [0x00000000f8f80000,0x00000000f8f80000,0x00000000fc700000)
 ParOldGen       total 177152K, used 66799K [0x00000000a0000000, 0x00000000aad00000, 0x00000000e0000000)
  object space 177152K, 37% used [0x00000000a0000000,0x00000000a413bf80,0x00000000aad00000)
 Metaspace       used 67636K, capacity 69678K, committed 69912K, reserved 1110016K
  class space    used 8487K, capacity 8873K, committed 8984K, reserved 1048576K
Event: 588.295 GC heap after
Heap after GC invocations=30 (full 6):
 PSYoungGen      total 467456K, used 0K [0x00000000e0000000, 0x0000000100000000, 0x0000000100000000)
  eden space 409088K, 0% used [0x00000000e0000000,0x00000000e0000000,0x00000000f8f80000)
  from space 58368K, 0% used [0x00000000fc700000,0x00000000fc700000,0x0000000100000000)
  to   space 56832K, 0% used [0x00000000f8f80000,0x00000000f8f80000,0x00000000fc700000)
 ParOldGen       total 177152K, used 41400K [0x00000000a0000000, 0x00000000aad00000, 0x00000000e0000000)
  object space 177152K, 23% used [0x00000000a0000000,0x00000000a286e358,0x00000000aad00000)
 Metaspace       used 67636K, capacity 69678K, committed 69912K, reserved 1110016K
  class space    used 8487K, capacity 8873K, committed 8984K, reserved 1048576K
}

