# JRE version: OpenJDK Runtime Environment (8.0_76-b03) (build 1.8.0_76-release-b03)
# Java VM: OpenJDK 64-Bit Server VM (25.76-b03 mixed mode windows-amd64 compressed oops)
Heap:
 PSYoungGen      total 131072K, used 57714K [0x00000000e0000000, 0x00000000eb300000, 0x0000000100000000)
  eden space 119808K, 38% used [0x00000000e0000000,0x00000000e2d61308,0x00000000e7500000)
  from space 11264K, 99% used [0x00000000e7500000,0x00000000e7ffb558,0x00000000e8000000)
  to   space 12800K, 0% used [0x00000000ea680000,0x00000000ea680000,0x00000000eb300000)
 ParOldGen       total 55296K, used 14998K [0x00000000a0000000, 0x00000000a3600000, 0x00000000e0000000)
  object space 55296K, 27% used [0x00000000a0000000,0x00000000a0ea5820,0x00000000a3600000)
 Metaspace       used 45409K, capacity 46486K, committed 46640K, reserved 1089536K
  class space    used 6123K, capacity 6377K, committed 6448K, reserved 1048576K
GC Heap History (10 events):
Event: 22.668 GC heap before
{Heap before GC invocations=9 (full 1):
 PSYoungGen      total 73728K, used 73117K [0x00000000e0000000, 0x00000000e7080000, 0x0000000100000000)
  eden space 65536K, 100% used [0x00000000e0000000,0x00000000e4000000,0x00000000e4000000)
  from space 8192K, 92% used [0x00000000e4000000,0x00000000e4767480,0x00000000e4800000)
  to   space 9216K, 0% used [0x00000000e6780000,0x00000000e6780000,0x00000000e7080000)
 ParOldGen       total 38400K, used 8263K [0x00000000a0000000, 0x00000000a2580000, 0x00000000e0000000)
  object space 38400K, 21% used [0x00000000a0000000,0x00000000a0811d38,0x00000000a2580000)
 Metaspace       used 28265K, capacity 28782K, committed 29104K, reserved 1075200K
  class space    used 3849K, capacity 3997K, committed 4016K, reserved 1048576K
Event: 22.709 GC heap after
Heap after GC invocations=9 (full 1):
 PSYoungGen      total 101888K, used 5580K [0x00000000e0000000, 0x00000000e6e80000, 0x0000000100000000)
  eden space 94720K, 0% used [0x00000000e0000000,0x00000000e0000000,0x00000000e5c80000)
  from space 7168K, 77% used [0x00000000e6780000,0x00000000e6cf3060,0x00000000e6e80000)
  to   space 9216K, 0% used [0x00000000e5c80000,0x00000000e5c80000,0x00000000e6580000)
 ParOldGen       total 38400K, used 8271K [0x00000000a0000000, 0x00000000a2580000, 0x00000000e0000000)
  object space 38400K, 21% used [0x00000000a0000000,0x00000000a0813d38,0x00000000a2580000)
 Metaspace       used 28265K, capacity 28782K, committed 29104K, reserved 1075200K
  class space    used 3849K, capacity 3997K, committed 4016K, reserved 1048576K
}
Event: 28.777 GC heap before
{Heap before GC invocations=10 (full 1):
 PSYoungGen      total 101888K, used 100300K [0x00000000e0000000, 0x00000000e6e80000, 0x0000000100000000)
  eden space 94720K, 100% used [0x00000000e0000000,0x00000000e5c80000,0x00000000e5c80000)
  from space 7168K, 77% used [0x00000000e6780000,0x00000000e6cf3060,0x00000000e6e80000)
  to   space 9216K, 0% used [0x00000000e5c80000,0x00000000e5c80000,0x00000000e6580000)
 ParOldGen       total 38400K, used 8271K [0x00000000a0000000, 0x00000000a2580000, 0x00000000e0000000)
  object space 38400K, 21% used [0x00000000a0000000,0x00000000a0813d38,0x00000000a2580000)
 Metaspace       used 33608K, capacity 34210K, committed 34480K, reserved 1079296K
  class space    used 4525K, capacity 4680K, committed 4784K, reserved 1048576K
Event: 28.863 GC heap after
Heap after GC invocations=10 (full 1):
 PSYoungGen      total 103936K, used 9196K [0x00000000e0000000, 0x00000000e8a80000, 0x0000000100000000)
  eden space 94720K, 0% used [0x00000000e0000000,0x00000000e0000000,0x00000000e5c80000)
  from space 9216K, 99% used [0x00000000e5c80000,0x00000000e657b308,0x00000000e6580000)
  to   space 10752K, 0% used [0x00000000e8000000,0x00000000e8000000,0x00000000e8a80000)
 ParOldGen       total 38400K, used 9679K [0x00000000a0000000, 0x00000000a2580000, 0x00000000e0000000)
  object space 38400K, 25% used [0x00000000a0000000,0x00000000a0973dc0,0x00000000a2580000)
 Metaspace       used 33608K, capacity 34210K, committed 34480K, reserved 1079296K
  class space    used 4525K, capacity 4680K, committed 4784K, reserved 1048576K
}
Event: 29.754 GC heap before
{Heap before GC invocations=11 (full 1):
 PSYoungGen      total 103936K, used 20057K [0x00000000e0000000, 0x00000000e8a80000, 0x0000000100000000)
  eden space 94720K, 11% used [0x00000000e0000000,0x00000000e0a9b1b0,0x00000000e5c80000)
  from space 9216K, 99% used [0x00000000e5c80000,0x00000000e657b308,0x00000000e6580000)
  to   space 10752K, 0% used [0x00000000e8000000,0x00000000e8000000,0x00000000e8a80000)
 ParOldGen       total 38400K, used 9679K [0x00000000a0000000, 0x00000000a2580000, 0x00000000e0000000)
  object space 38400K, 25% used [0x00000000a0000000,0x00000000a0973dc0,0x00000000a2580000)
 Metaspace       used 34669K, capacity 35232K, committed 35496K, reserved 1079296K
  class space    used 4649K, capacity 4845K, committed 4912K, reserved 1048576K
Event: 29.793 GC heap after
Heap after GC invocations=11 (full 1):
 PSYoungGen      total 130560K, used 7667K [0x00000000e0000000, 0x00000000e9100000, 0x0000000100000000)
  eden space 119808K, 0% used [0x00000000e0000000,0x00000000e0000000,0x00000000e7500000)
  from space 10752K, 71% used [0x00000000e8000000,0x00000000e877cce8,0x00000000e8a80000)
  to   space 11264K, 0% used [0x00000000e7500000,0x00000000e7500000,0x00000000e8000000)
 ParOldGen       total 38400K, used 9759K [0x00000000a0000000, 0x00000000a2580000, 0x00000000e0000000)
  object space 38400K, 25% used [0x00000000a0000000,0x00000000a0987de8,0x00000000a2580000)
 Metaspace       used 34669K, capacity 35232K, committed 35496K, reserved 1079296K
  class space    used 4649K, capacity 4845K, committed 4912K, reserved 1048576K
}
Event: 29.793 GC heap before
{Heap before GC invocations=12 (full 2):
 PSYoungGen      total 130560K, used 7667K [0x00000000e0000000, 0x00000000e9100000, 0x0000000100000000)
  eden space 119808K, 0% used [0x00000000e0000000,0x00000000e0000000,0x00000000e7500000)
  from space 10752K, 71% used [0x00000000e8000000,0x00000000e877cce8,0x00000000e8a80000)
  to   space 11264K, 0% used [0x00000000e7500000,0x00000000e7500000,0x00000000e8000000)
 ParOldGen       total 38400K, used 9759K [0x00000000a0000000, 0x00000000a2580000, 0x00000000e0000000)
  object space 38400K, 25% used [0x00000000a0000000,0x00000000a0987de8,0x00000000a2580000)
 Metaspace       used 34669K, capacity 35232K, committed 35496K, reserved 1079296K
  class space    used 4649K, capacity 4845K, committed 4912K, reserved 1048576K
Event: 30.073 GC heap after
Heap after GC invocations=12 (full 2):
 PSYoungGen      total 130560K, used 0K [0x00000000e0000000, 0x00000000e9100000, 0x0000000100000000)
  eden space 119808K, 0% used [0x00000000e0000000,0x00000000e0000000,0x00000000e7500000)
  from space 10752K, 0% used [0x00000000e8000000,0x00000000e8000000,0x00000000e8a80000)
  to   space 11264K, 0% used [0x00000000e7500000,0x00000000e7500000,0x00000000e8000000)
 ParOldGen       total 55296K, used 14476K [0x00000000a0000000, 0x00000000a3600000, 0x00000000e0000000)
  object space 55296K, 26% used [0x00000000a0000000,0x00000000a0e23368,0x00000000a3600000)
 Metaspace       used 34669K, capacity 35232K, committed 35496K, reserved 1079296K
  class space    used 4649K, capacity 4845K, committed 4912K, reserved 1048576K
}
Event: 38.643 GC heap before
{Heap before GC invocations=13 (full 2):
 PSYoungGen      total 130560K, used 119808K [0x00000000e0000000, 0x00000000e9100000, 0x0000000100000000)
  eden space 119808K, 100% used [0x00000000e0000000,0x00000000e7500000,0x00000000e7500000)
  from space 10752K, 0% used [0x00000000e8000000,0x00000000e8000000,0x00000000e8a80000)
  to   space 11264K, 0% used [0x00000000e7500000,0x00000000e7500000,0x00000000e8000000)
 ParOldGen       total 55296K, used 14476K [0x00000000a0000000, 0x00000000a3600000, 0x00000000e0000000)
  object space 55296K, 26% used [0x00000000a0000000,0x00000000a0e23368,0x00000000a3600000)
 Metaspace       used 43656K, capacity 44540K, committed 44848K, reserved 1087488K
  class space    used 5837K, capacity 6074K, committed 6192K, reserved 1048576K
Event: 38.753 GC heap after
Heap after GC invocations=13 (full 2):
 PSYoungGen      total 131072K, used 11245K [0x00000000e0000000, 0x00000000eb300000, 0x0000000100000000)
  eden space 119808K, 0% used [0x00000000e0000000,0x00000000e0000000,0x00000000e7500000)
  from space 11264K, 99% used [0x00000000e7500000,0x00000000e7ffb558,0x00000000e8000000)
  to   space 12800K, 0% used [0x00000000ea680000,0x00000000ea680000,0x00000000eb300000)
 ParOldGen       total 55296K, used 14998K [0x00000000a0000000, 0x00000000a3600000, 0x00000000e0000000)
  object space 55296K, 27% used [0x00000000a0000000,0x00000000a0ea5820,0x00000000a3600000)
 Metaspace       used 43656K, capacity 44540K, committed 44848K, reserved 1087488K
  class space    used 5837K, capacity 6074K, committed 6192K, reserved 1048576K
}

